data.getPosts()
scripts.js:77 {id: "1", description: "sfdbgjhvhjcsvkjbdjcilvjdlkvjdflkvj", createdAt: Tue Mar 17 2020 23:00:00 GMT+0300 (Москва, стандартное время), author: "Paziloi chelovek", photoLink: "https://i.pinimg.com/originals/d2/f6/39/d2f63991e4c40eb5b886f6f1982e91e8.png"}
scripts.js:77 {id: "2", description: "sdfbgfnhgmhmnbfvdcvfdbgfnhgmjmygfdsaxdcfbgfnhjmgyftbdvcdas", createdAt: Tue Mar 17 2020 23:00:03 GMT+0300 (Москва, стандартное время), author: "Paziloi chelovek", photoLink: "https://i.pinimg.com/originals/d2/f6/39/d2f63991e4c40eb5b886f6f1982e91e8.png"}
scripts.js:77 {id: "3", description: "b56vy5c6t45t45y65y56y", createdAt: Tue Mar 17 2020 23:00:02 GMT+0300 (Москва, стандартное время), author: "Paziloi chelovek", photoLink: "https://i.pinimg.com/originals/d2/f6/39/d2f63991e4c40eb5b886f6f1982e91e8.png"}
scripts.js:77 {id: "4", description: "5v4n89cm49x3fmfc3po5pog54pomgcmpo", createdAt: Tue Mar 17 2020 23:00:05 GMT+0300 (Москва, стандартное время), author: "Paziloi chelovek", photoLink: "https://i.pinimg.com/originals/d2/f6/39/d2f63991e4c40eb5b886f6f1982e91e8.png"}
scripts.js:77 {id: "5", createdAt: Tue Mar 17 2020 23:00:05 GMT+0300 (Москва, стандартное время), author: "Paziloi chelovek", photoLink: "https://i.pinimg.com/originals/d2/f6/39/d2f63991e4c40eb5b886f6f1982e91e8.png"}
(5) [{…}, {…}, {…}, {…}, {…}]
data.getPosts('name' , 2 , 4)
scripts.js:77 {id: "3", description: "b56vy5c6t45t45y65y56y", createdAt: Tue Mar 17 2020 23:00:02 GMT+0300 (Москва, стандартное время), author: "Paziloi chelovek", photoLink: "https://i.pinimg.com/originals/d2/f6/39/d2f63991e4c40eb5b886f6f1982e91e8.png"}
scripts.js:77 {id: "2", description: "sdfbgfnhgmhmnbfvdcvfdbgfnhgmjmygfdsaxdcfbgfnhjmgyftbdvcdas", createdAt: Tue Mar 17 2020 23:00:03 GMT+0300 (Москва, стандартное время), author: "Paziloi chelovek", photoLink: "https://i.pinimg.com/originals/d2/f6/39/d2f63991e4c40eb5b886f6f1982e91e8.png"}
scripts.js:77 {id: "1", description: "sfdbgjhvhjcsvkjbdjcilvjdlkvjdflkvj", createdAt: Tue Mar 17 2020 23:00:00 GMT+0300 (Москва, стандартное время), author: "Paziloi chelovek", photoLink: "https://i.pinimg.com/originals/d2/f6/39/d2f63991e4c40eb5b886f6f1982e91e8.png"}
(3) [{…}, {…}, {…}]
data.getPosts('date')
scripts.js:77 {id: "1", description: "sfdbgjhvhjcsvkjbdjcilvjdlkvjdflkvj", createdAt: Tue Mar 17 2020 23:00:00 GMT+0300 (Москва, стандартное время), author: "Paziloi chelovek", photoLink: "https://i.pinimg.com/originals/d2/f6/39/d2f63991e4c40eb5b886f6f1982e91e8.png"}
scripts.js:77 {id: "3", description: "b56vy5c6t45t45y65y56y", createdAt: Tue Mar 17 2020 23:00:02 GMT+0300 (Москва, стандартное время), author: "Paziloi chelovek", photoLink: "https://i.pinimg.com/originals/d2/f6/39/d2f63991e4c40eb5b886f6f1982e91e8.png"}
scripts.js:77 {id: "2", description: "sdfbgfnhgmhmnbfvdcvfdbgfnhgmjmygfdsaxdcfbgfnhjmgyftbdvcdas", createdAt: Tue Mar 17 2020 23:00:03 GMT+0300 (Москва, стандартное время), author: "Paziloi chelovek", photoLink: "https://i.pinimg.com/originals/d2/f6/39/d2f63991e4c40eb5b886f6f1982e91e8.png"}
scripts.js:77 {id: "4", description: "5v4n89cm49x3fmfc3po5pog54pomgcmpo", createdAt: Tue Mar 17 2020 23:00:05 GMT+0300 (Москва, стандартное время), author: "Paziloi chelovek", photoLink: "https://i.pinimg.com/originals/d2/f6/39/d2f63991e4c40eb5b886f6f1982e91e8.png"}
scripts.js:77 {id: "5", createdAt: Tue Mar 17 2020 23:00:05 GMT+0300 (Москва, стандартное время), author: "Paziloi chelovek", photoLink: "https://i.pinimg.com/originals/d2/f6/39/d2f63991e4c40eb5b886f6f1982e91e8.png"}
(5) [{…}, {…}, {…}, {…}, {…}]
var post = data.getPost(2)
undefined
var post = data.getPost('2')
undefined
post = data.getPost('2')
{id: "2", description: "sdfbgfnhgmhmnbfvdcvfdbgfnhgmjmygfdsaxdcfbgfnhjmgyftbdvcdas", createdAt: Tue Mar 17 2020 23:00:03 GMT+0300 (Москва, стандартное время), author: "Paziloi chelovek", photoLink: "https://i.pinimg.com/originals/d2/f6/39/d2f63991e4c40eb5b886f6f1982e91e8.png"}
post.author = 'azazazazaza'
"azazazazaza"
data.addPost(post)
true
post.author = 3
3
data.addPost(post)
false
data.removePost('4')
true
data.getPosts()
scripts.js:77 {id: "1", description: "sfdbgjhvhjcsvkjbdjcilvjdlkvjdflkvj", createdAt: Tue Mar 17 2020 23:00:00 GMT+0300 (Москва, стандартное время), author: "Paziloi chelovek", photoLink: "https://i.pinimg.com/originals/d2/f6/39/d2f63991e4c40eb5b886f6f1982e91e8.png"}
scripts.js:77 {id: "3", description: "b56vy5c6t45t45y65y56y", createdAt: Tue Mar 17 2020 23:00:02 GMT+0300 (Москва, стандартное время), author: "Paziloi chelovek", photoLink: "https://i.pinimg.com/originals/d2/f6/39/d2f63991e4c40eb5b886f6f1982e91e8.png"}
scripts.js:77 {id: "2", description: "sdfbgfnhgmhmnbfvdcvfdbgfnhgmjmygfdsaxdcfbgfnhjmgyftbdvcdas", createdAt: Tue Mar 17 2020 23:00:03 GMT+0300 (Москва, стандартное время), author: 3, photoLink: "https://i.pinimg.com/originals/d2/f6/39/d2f63991e4c40eb5b886f6f1982e91e8.png"}author: 3createdAt: Tue Mar 17 2020 23:00:03 GMT+0300 (Москва, стандартное время) {}description: "sdfbgfnhgmhmnbfvdcvfdbgfnhgmjmygfdsaxdcfbgfnhjmgyftbdvcdas"id: "2"photoLink: "https://i.pinimg.com/originals/d2/f6/39/d2f63991e4c40eb5b886f6f1982e91e8.png"__proto__: Object
scripts.js:77 {id: "5", createdAt: Tue Mar 17 2020 23:00:05 GMT+0300 (Москва, стандартное время), author: "Paziloi chelovek", photoLink: "https://i.pinimg.com/originals/d2/f6/39/d2f63991e4c40eb5b886f6f1982e91e8.png"}
scripts.js:77 {id: "2", description: "sdfbgfnhgmhmnbfvdcvfdbgfnhgmjmygfdsaxdcfbgfnhjmgyftbdvcdas", createdAt: Tue Mar 17 2020 23:00:03 GMT+0300 (Москва, стандартное время), author: 3, photoLink: "https://i.pinimg.com/originals/d2/f6/39/d2f63991e4c40eb5b886f6f1982e91e8.png"}
(5) [{…}, {…}, {…}, {…}, {…}]
data.getPosts('index')
scripts.js:77 {id: "1", description: "sfdbgjhvhjcsvkjbdjcilvjdlkvjdflkvj", createdAt: Tue Mar 17 2020 23:00:00 GMT+0300 (Москва, стандартное время), author: "Paziloi chelovek", photoLink: "https://i.pinimg.com/originals/d2/f6/39/d2f63991e4c40eb5b886f6f1982e91e8.png"}
scripts.js:77 {id: "2", description: "sdfbgfnhgmhmnbfvdcvfdbgfnhgmjmygfdsaxdcfbgfnhjmgyftbdvcdas", createdAt: Tue Mar 17 2020 23:00:03 GMT+0300 (Москва, стандартное время), author: 3, photoLink: "https://i.pinimg.com/originals/d2/f6/39/d2f63991e4c40eb5b886f6f1982e91e8.png"}
scripts.js:77 {id: "2", description: "sdfbgfnhgmhmnbfvdcvfdbgfnhgmjmygfdsaxdcfbgfnhjmgyftbdvcdas", createdAt: Tue Mar 17 2020 23:00:03 GMT+0300 (Москва, стандартное время), author: 3, photoLink: "https://i.pinimg.com/originals/d2/f6/39/d2f63991e4c40eb5b886f6f1982e91e8.png"}
scripts.js:77 {id: "3", description: "b56vy5c6t45t45y65y56y", createdAt: Tue Mar 17 2020 23:00:02 GMT+0300 (Москва, стандартное время), author: "Paziloi chelovek", photoLink: "https://i.pinimg.com/originals/d2/f6/39/d2f63991e4c40eb5b886f6f1982e91e8.png"}
scripts.js:77 {id: "5", createdAt: Tue Mar 17 2020 23:00:05 GMT+0300 (Москва, стандартное время), author: "Paziloi chelovek", photoLink: "https://i.pinimg.com/originals/d2/f6/39/d2f63991e4c40eb5b886f6f1982e91e8.png"}
(5) [{…}, {…}, {…}, {…}, {…}]
